{"C:\\Users\\chris\\OneDrive\\Desktop\\Monolith\\monolith-backend\\errors\\authorization-error.js": {"path":"C:\\Users\\chris\\OneDrive\\Desktop\\Monolith\\monolith-backend\\errors\\authorization-error.js","statementMap":{"0":{"start":{"line":1,"column":0},"end":{"line":6,"column":1}},"1":{"start":{"line":3,"column":4},"end":{"line":3,"column":33}},"2":{"start":{"line":4,"column":4},"end":{"line":4,"column":25}}},"fnMap":{"0":{"name":"(anonymous_0)","decl":{"start":{"line":2,"column":2},"end":{"line":2,"column":3}},"loc":{"start":{"line":2,"column":22},"end":{"line":5,"column":3}},"line":2}},"branchMap":{},"s":{"0":1,"1":0,"2":0},"f":{"0":0},"b":{},"_coverageSchema":"1a1c01bbd47fc00a2c39e90264f33305004495a9","hash":"13fcdf84190f808b80f88b9099db107795f9ede4"}
,"C:\\Users\\chris\\OneDrive\\Desktop\\Monolith\\monolith-backend\\errors\\login-error.js": {"path":"C:\\Users\\chris\\OneDrive\\Desktop\\Monolith\\monolith-backend\\errors\\login-error.js","statementMap":{"0":{"start":{"line":1,"column":0},"end":{"line":6,"column":1}},"1":{"start":{"line":3,"column":4},"end":{"line":3,"column":25}},"2":{"start":{"line":4,"column":4},"end":{"line":4,"column":25}}},"fnMap":{"0":{"name":"(anonymous_0)","decl":{"start":{"line":2,"column":2},"end":{"line":2,"column":3}},"loc":{"start":{"line":2,"column":22},"end":{"line":5,"column":3}},"line":2}},"branchMap":{},"s":{"0":1,"1":0,"2":0},"f":{"0":0},"b":{},"_coverageSchema":"1a1c01bbd47fc00a2c39e90264f33305004495a9","hash":"c19ffc754ac49dab5ece6d248379b48e1a47ff7e"}
,"C:\\Users\\chris\\OneDrive\\Desktop\\Monolith\\monolith-backend\\errors\\registration-error.js": {"path":"C:\\Users\\chris\\OneDrive\\Desktop\\Monolith\\monolith-backend\\errors\\registration-error.js","statementMap":{"0":{"start":{"line":1,"column":0},"end":{"line":6,"column":1}},"1":{"start":{"line":3,"column":4},"end":{"line":3,"column":32}},"2":{"start":{"line":4,"column":4},"end":{"line":4,"column":25}}},"fnMap":{"0":{"name":"(anonymous_0)","decl":{"start":{"line":2,"column":2},"end":{"line":2,"column":3}},"loc":{"start":{"line":2,"column":22},"end":{"line":5,"column":3}},"line":2}},"branchMap":{},"s":{"0":1,"1":4,"2":4},"f":{"0":4},"b":{},"_coverageSchema":"1a1c01bbd47fc00a2c39e90264f33305004495a9","hash":"c0fc945451632f22107d791a2747b76678dfd22f"}
,"C:\\Users\\chris\\OneDrive\\Desktop\\Monolith\\monolith-backend\\service\\auth-service.js": {"path":"C:\\Users\\chris\\OneDrive\\Desktop\\Monolith\\monolith-backend\\service\\auth-service.js","statementMap":{"0":{"start":{"line":1,"column":15},"end":{"line":1,"column":32}},"1":{"start":{"line":2,"column":35},"end":{"line":2,"column":61}},"2":{"start":{"line":3,"column":20},"end":{"line":3,"column":46}},"3":{"start":{"line":5,"column":16},"end":{"line":5,"column":49}},"4":{"start":{"line":6,"column":16},"end":{"line":6,"column":42}},"5":{"start":{"line":8,"column":26},"end":{"line":8,"column":65}},"6":{"start":{"line":9,"column":19},"end":{"line":9,"column":51}},"7":{"start":{"line":10,"column":27},"end":{"line":10,"column":67}},"8":{"start":{"line":11,"column":30},"end":{"line":11,"column":53}},"9":{"start":{"line":14,"column":15},"end":{"line":14,"column":61}},"10":{"start":{"line":16,"column":17},"end":{"line":16,"column":19}},"11":{"start":{"line":17,"column":2},"end":{"line":21,"column":3}},"12":{"start":{"line":18,"column":4},"end":{"line":18,"column":36}},"13":{"start":{"line":19,"column":9},"end":{"line":21,"column":3}},"14":{"start":{"line":20,"column":4},"end":{"line":20,"column":36}},"15":{"start":{"line":23,"column":2},"end":{"line":25,"column":3}},"16":{"start":{"line":24,"column":4},"end":{"line":24,"column":33}},"17":{"start":{"line":27,"column":2},"end":{"line":27,"column":65}},"18":{"start":{"line":31,"column":18},"end":{"line":31,"column":66}},"19":{"start":{"line":32,"column":24},"end":{"line":32,"column":26}},"20":{"start":{"line":34,"column":2},"end":{"line":36,"column":3}},"21":{"start":{"line":35,"column":4},"end":{"line":35,"column":72}},"22":{"start":{"line":39,"column":2},"end":{"line":41,"column":3}},"23":{"start":{"line":40,"column":4},"end":{"line":40,"column":72}},"24":{"start":{"line":44,"column":2},"end":{"line":46,"column":3}},"25":{"start":{"line":45,"column":4},"end":{"line":45,"column":68}},"26":{"start":{"line":49,"column":15},"end":{"line":49,"column":61}},"27":{"start":{"line":50,"column":2},"end":{"line":52,"column":3}},"28":{"start":{"line":51,"column":4},"end":{"line":51,"column":52}},"29":{"start":{"line":54,"column":2},"end":{"line":56,"column":3}},"30":{"start":{"line":55,"column":4},"end":{"line":55,"column":47}},"31":{"start":{"line":59,"column":15},"end":{"line":59,"column":39}},"32":{"start":{"line":60,"column":15},"end":{"line":60,"column":48}},"33":{"start":{"line":62,"column":2},"end":{"line":66,"column":5}},"34":{"start":{"line":70,"column":2},"end":{"line":72,"column":3}},"35":{"start":{"line":71,"column":4},"end":{"line":71,"column":54}},"36":{"start":{"line":74,"column":16},"end":{"line":74,"column":49}},"37":{"start":{"line":75,"column":18},"end":{"line":75,"column":66}},"38":{"start":{"line":77,"column":2},"end":{"line":79,"column":3}},"39":{"start":{"line":78,"column":4},"end":{"line":78,"column":61}},"40":{"start":{"line":81,"column":2},"end":{"line":81,"column":17}},"41":{"start":{"line":85,"column":2},"end":{"line":87,"column":3}},"42":{"start":{"line":86,"column":4},"end":{"line":86,"column":54}},"43":{"start":{"line":89,"column":16},"end":{"line":89,"column":49}},"44":{"start":{"line":90,"column":18},"end":{"line":90,"column":66}},"45":{"start":{"line":92,"column":2},"end":{"line":94,"column":3}},"46":{"start":{"line":93,"column":4},"end":{"line":93,"column":68}},"47":{"start":{"line":96,"column":2},"end":{"line":96,"column":17}},"48":{"start":{"line":100,"column":2},"end":{"line":102,"column":3}},"49":{"start":{"line":101,"column":4},"end":{"line":101,"column":54}},"50":{"start":{"line":104,"column":16},"end":{"line":104,"column":49}},"51":{"start":{"line":105,"column":18},"end":{"line":105,"column":66}},"52":{"start":{"line":107,"column":2},"end":{"line":109,"column":3}},"53":{"start":{"line":108,"column":4},"end":{"line":108,"column":80}},"54":{"start":{"line":111,"column":2},"end":{"line":111,"column":17}},"55":{"start":{"line":115,"column":0},"end":{"line":121,"column":2}}},"fnMap":{"0":{"name":"login","decl":{"start":{"line":13,"column":15},"end":{"line":13,"column":20}},"loc":{"start":{"line":13,"column":41},"end":{"line":28,"column":1}},"line":13},"1":{"name":"register","decl":{"start":{"line":30,"column":15},"end":{"line":30,"column":23}},"loc":{"start":{"line":30,"column":44},"end":{"line":67,"column":1}},"line":30},"2":{"name":"authorizeEmployee","decl":{"start":{"line":69,"column":15},"end":{"line":69,"column":32}},"loc":{"start":{"line":69,"column":54},"end":{"line":82,"column":1}},"line":69},"3":{"name":"authorizeFinanceManager","decl":{"start":{"line":84,"column":15},"end":{"line":84,"column":38}},"loc":{"start":{"line":84,"column":60},"end":{"line":97,"column":1}},"line":84},"4":{"name":"authorizeEmployeeOrFinanceManager","decl":{"start":{"line":99,"column":15},"end":{"line":99,"column":48}},"loc":{"start":{"line":99,"column":70},"end":{"line":112,"column":1}},"line":99}},"branchMap":{"0":{"loc":{"start":{"line":17,"column":2},"end":{"line":21,"column":3}},"type":"if","locations":[{"start":{"line":17,"column":2},"end":{"line":21,"column":3}},{"start":{"line":19,"column":9},"end":{"line":21,"column":3}}],"line":17},"1":{"loc":{"start":{"line":19,"column":9},"end":{"line":21,"column":3}},"type":"if","locations":[{"start":{"line":19,"column":9},"end":{"line":21,"column":3}},{"start":{},"end":{}}],"line":19},"2":{"loc":{"start":{"line":23,"column":2},"end":{"line":25,"column":3}},"type":"if","locations":[{"start":{"line":23,"column":2},"end":{"line":25,"column":3}},{"start":{},"end":{}}],"line":23},"3":{"loc":{"start":{"line":34,"column":2},"end":{"line":36,"column":3}},"type":"if","locations":[{"start":{"line":34,"column":2},"end":{"line":36,"column":3}},{"start":{},"end":{}}],"line":34},"4":{"loc":{"start":{"line":34,"column":8},"end":{"line":34,"column":53}},"type":"binary-expr","locations":[{"start":{"line":34,"column":8},"end":{"line":34,"column":28}},{"start":{"line":34,"column":32},"end":{"line":34,"column":53}}],"line":34},"5":{"loc":{"start":{"line":39,"column":2},"end":{"line":41,"column":3}},"type":"if","locations":[{"start":{"line":39,"column":2},"end":{"line":41,"column":3}},{"start":{},"end":{}}],"line":39},"6":{"loc":{"start":{"line":39,"column":8},"end":{"line":39,"column":53}},"type":"binary-expr","locations":[{"start":{"line":39,"column":8},"end":{"line":39,"column":28}},{"start":{"line":39,"column":32},"end":{"line":39,"column":53}}],"line":39},"7":{"loc":{"start":{"line":44,"column":2},"end":{"line":46,"column":3}},"type":"if","locations":[{"start":{"line":44,"column":2},"end":{"line":46,"column":3}},{"start":{},"end":{}}],"line":44},"8":{"loc":{"start":{"line":50,"column":2},"end":{"line":52,"column":3}},"type":"if","locations":[{"start":{"line":50,"column":2},"end":{"line":52,"column":3}},{"start":{},"end":{}}],"line":50},"9":{"loc":{"start":{"line":54,"column":2},"end":{"line":56,"column":3}},"type":"if","locations":[{"start":{"line":54,"column":2},"end":{"line":56,"column":3}},{"start":{},"end":{}}],"line":54},"10":{"loc":{"start":{"line":70,"column":2},"end":{"line":72,"column":3}},"type":"if","locations":[{"start":{"line":70,"column":2},"end":{"line":72,"column":3}},{"start":{},"end":{}}],"line":70},"11":{"loc":{"start":{"line":77,"column":2},"end":{"line":79,"column":3}},"type":"if","locations":[{"start":{"line":77,"column":2},"end":{"line":79,"column":3}},{"start":{},"end":{}}],"line":77},"12":{"loc":{"start":{"line":85,"column":2},"end":{"line":87,"column":3}},"type":"if","locations":[{"start":{"line":85,"column":2},"end":{"line":87,"column":3}},{"start":{},"end":{}}],"line":85},"13":{"loc":{"start":{"line":92,"column":2},"end":{"line":94,"column":3}},"type":"if","locations":[{"start":{"line":92,"column":2},"end":{"line":94,"column":3}},{"start":{},"end":{}}],"line":92},"14":{"loc":{"start":{"line":100,"column":2},"end":{"line":102,"column":3}},"type":"if","locations":[{"start":{"line":100,"column":2},"end":{"line":102,"column":3}},{"start":{},"end":{}}],"line":100},"15":{"loc":{"start":{"line":107,"column":2},"end":{"line":109,"column":3}},"type":"if","locations":[{"start":{"line":107,"column":2},"end":{"line":109,"column":3}},{"start":{},"end":{}}],"line":107},"16":{"loc":{"start":{"line":107,"column":8},"end":{"line":107,"column":71}},"type":"binary-expr","locations":[{"start":{"line":107,"column":8},"end":{"line":107,"column":34}},{"start":{"line":107,"column":38},"end":{"line":107,"column":71}}],"line":107}},"s":{"0":1,"1":1,"2":1,"3":1,"4":1,"5":1,"6":1,"7":1,"8":1,"9":0,"10":0,"11":0,"12":0,"13":0,"14":0,"15":0,"16":0,"17":0,"18":5,"19":5,"20":5,"21":1,"22":5,"23":1,"24":5,"25":2,"26":5,"27":5,"28":1,"29":5,"30":4,"31":1,"32":0,"33":0,"34":0,"35":0,"36":0,"37":0,"38":0,"39":0,"40":0,"41":0,"42":0,"43":0,"44":0,"45":0,"46":0,"47":0,"48":0,"49":0,"50":0,"51":0,"52":0,"53":0,"54":0,"55":1},"f":{"0":0,"1":5,"2":0,"3":0,"4":0},"b":{"0":[0,0],"1":[0,0],"2":[0,0],"3":[1,4],"4":[5,4],"5":[1,4],"6":[5,4],"7":[2,3],"8":[1,4],"9":[4,1],"10":[0,0],"11":[0,0],"12":[0,0],"13":[0,0],"14":[0,0],"15":[0,0],"16":[0,0]},"_coverageSchema":"1a1c01bbd47fc00a2c39e90264f33305004495a9","hash":"44baf3a56fe6821827c5dd3f33fb5a6e189998b0"}
,"C:\\Users\\chris\\OneDrive\\Desktop\\Monolith\\monolith-backend\\utility\\jwt-utility.js": {"path":"C:\\Users\\chris\\OneDrive\\Desktop\\Monolith\\monolith-backend\\utility\\jwt-utility.js","statementMap":{"0":{"start":{"line":1,"column":12},"end":{"line":1,"column":35}},"1":{"start":{"line":4,"column":2},"end":{"line":7,"column":36}},"2":{"start":{"line":11,"column":2},"end":{"line":19,"column":5}},"3":{"start":{"line":12,"column":4},"end":{"line":18,"column":6}},"4":{"start":{"line":13,"column":6},"end":{"line":17,"column":7}},"5":{"start":{"line":14,"column":8},"end":{"line":14,"column":20}},"6":{"start":{"line":16,"column":8},"end":{"line":16,"column":22}},"7":{"start":{"line":24,"column":0},"end":{"line":27,"column":2}}},"fnMap":{"0":{"name":"createToken","decl":{"start":{"line":3,"column":9},"end":{"line":3,"column":20}},"loc":{"start":{"line":3,"column":37},"end":{"line":8,"column":1}},"line":3},"1":{"name":"verifyTokenAndReturnPayload","decl":{"start":{"line":10,"column":9},"end":{"line":10,"column":36}},"loc":{"start":{"line":10,"column":44},"end":{"line":20,"column":1}},"line":10},"2":{"name":"(anonymous_2)","decl":{"start":{"line":11,"column":21},"end":{"line":11,"column":22}},"loc":{"start":{"line":11,"column":42},"end":{"line":19,"column":3}},"line":11},"3":{"name":"(anonymous_3)","decl":{"start":{"line":12,"column":54},"end":{"line":12,"column":55}},"loc":{"start":{"line":12,"column":69},"end":{"line":18,"column":5}},"line":12}},"branchMap":{"0":{"loc":{"start":{"line":13,"column":6},"end":{"line":17,"column":7}},"type":"if","locations":[{"start":{"line":13,"column":6},"end":{"line":17,"column":7}},{"start":{"line":15,"column":13},"end":{"line":17,"column":7}}],"line":13}},"s":{"0":1,"1":0,"2":0,"3":0,"4":0,"5":0,"6":0,"7":1},"f":{"0":0,"1":0,"2":0,"3":0},"b":{"0":[0,0]},"_coverageSchema":"1a1c01bbd47fc00a2c39e90264f33305004495a9","hash":"66923e97531823b3d102219de8c70462eb993589"}
}
