TN:
SF:errors\authorization-error.js
FN:2,(anonymous_0)
FNF:1
FNH:0
FNDA:0,(anonymous_0)
DA:1,1
DA:3,0
DA:4,0
LF:3
LH:1
BRF:0
BRH:0
end_of_record
TN:
SF:errors\login-error.js
FN:2,(anonymous_0)
FNF:1
FNH:0
FNDA:0,(anonymous_0)
DA:1,1
DA:3,0
DA:4,0
LF:3
LH:1
BRF:0
BRH:0
end_of_record
TN:
SF:errors\registration-error.js
FN:2,(anonymous_0)
FNF:1
FNH:1
FNDA:4,(anonymous_0)
DA:1,1
DA:3,4
DA:4,4
LF:3
LH:3
BRF:0
BRH:0
end_of_record
TN:
SF:service\auth-service.js
FN:13,login
FN:30,register
FN:69,authorizeEmployee
FN:84,authorizeFinanceManager
FN:99,authorizeEmployeeOrFinanceManager
FNF:5
FNH:1
FNDA:0,login
FNDA:5,register
FNDA:0,authorizeEmployee
FNDA:0,authorizeFinanceManager
FNDA:0,authorizeEmployeeOrFinanceManager
DA:1,1
DA:2,1
DA:3,1
DA:5,1
DA:6,1
DA:8,1
DA:9,1
DA:10,1
DA:11,1
DA:14,0
DA:16,0
DA:17,0
DA:18,0
DA:19,0
DA:20,0
DA:23,0
DA:24,0
DA:27,0
DA:31,5
DA:32,5
DA:34,5
DA:35,1
DA:39,5
DA:40,1
DA:44,5
DA:45,2
DA:49,5
DA:50,5
DA:51,1
DA:54,5
DA:55,4
DA:59,1
DA:60,0
DA:62,0
DA:70,0
DA:71,0
DA:74,0
DA:75,0
DA:77,0
DA:78,0
DA:81,0
DA:85,0
DA:86,0
DA:89,0
DA:90,0
DA:92,0
DA:93,0
DA:96,0
DA:100,0
DA:101,0
DA:104,0
DA:105,0
DA:107,0
DA:108,0
DA:111,0
DA:115,1
LF:56
LH:24
BRDA:17,0,0,0
BRDA:17,0,1,0
BRDA:19,1,0,0
BRDA:19,1,1,0
BRDA:23,2,0,0
BRDA:23,2,1,0
BRDA:34,3,0,1
BRDA:34,3,1,4
BRDA:34,4,0,5
BRDA:34,4,1,4
BRDA:39,5,0,1
BRDA:39,5,1,4
BRDA:39,6,0,5
BRDA:39,6,1,4
BRDA:44,7,0,2
BRDA:44,7,1,3
BRDA:50,8,0,1
BRDA:50,8,1,4
BRDA:54,9,0,4
BRDA:54,9,1,1
BRDA:70,10,0,0
BRDA:70,10,1,0
BRDA:77,11,0,0
BRDA:77,11,1,0
BRDA:85,12,0,0
BRDA:85,12,1,0
BRDA:92,13,0,0
BRDA:92,13,1,0
BRDA:100,14,0,0
BRDA:100,14,1,0
BRDA:107,15,0,0
BRDA:107,15,1,0
BRDA:107,16,0,0
BRDA:107,16,1,0
BRF:34
BRH:14
end_of_record
TN:
SF:utility\jwt-utility.js
FN:3,createToken
FN:10,verifyTokenAndReturnPayload
FN:11,(anonymous_2)
FN:12,(anonymous_3)
FNF:4
FNH:0
FNDA:0,createToken
FNDA:0,verifyTokenAndReturnPayload
FNDA:0,(anonymous_2)
FNDA:0,(anonymous_3)
DA:1,1
DA:4,0
DA:11,0
DA:12,0
DA:13,0
DA:14,0
DA:16,0
DA:24,1
LF:8
LH:2
BRDA:13,0,0,0
BRDA:13,0,1,0
BRF:2
BRH:0
end_of_record
